type	strength	name	value	zone	address	bytes	access
Internal		R0	---			4	
Internal		R1	---			4	
Internal		R2	---			4	
Internal		R3	---			4	
Internal		R4	---			4	
Internal		R5	---			4	
Internal		R6	---			4	
Internal		R7	---			4	
Internal		R8	---			4	
Internal		R9	---			4	
Internal		R10	---			4	
Internal		R11	---			4	
Internal		R12	---			4	
Internal		R13	---			4	
Internal		R14	---			4	
Internal		PC	---			4	
Internal		APSR	---			4	
Internal		IAPSR	---			4	
Internal		EAPSR	---			4	
Internal		xPSR	---			4	
Internal		IPSR	---			4	
Internal		EPSR	---			4	
Internal		IEPSR	---			4	
Internal		R13_main	---			4	
Internal		R13_proc	---			4	
Internal		PRIMASK	---			4	
Internal		CONTROL	---			4	
Internal		SP	---			4	
Internal		LR	---			4	
Internal		R15	---			4	
Internal		SP_process	---			4	
Internal		R13_process	---			4	
Internal		PSP	---			4	
Internal		SP_main	---			4	
Internal		MSP	---			4	
Internal		CYCLECOUNTER	---			8	
Internal		CCTIMER1	---			8	
Internal		CCTIMER2	---			8	
Internal		CCSTEP	---			8	
Factory		CRC__DR	---	Memory	0x40023000	4	
Factory		CRC__IDR	---	Memory	0x40023004	4	
Factory		CRC__CR	---	Memory	0x40023008	4	
Factory		CRC__INIT	---	Memory	0x4002300c	4	
Factory		GPIOF__MODER	---	Memory	0x48001400	4	
Factory		GPIOF__OTYPER	---	Memory	0x48001404	4	
Factory		GPIOF__OSPEEDR	---	Memory	0x48001408	4	
Factory		GPIOF__PUPDR	---	Memory	0x4800140c	4	
Factory		GPIOF__IDR	---	Memory	0x48001410	4	readOnly	
Factory		GPIOF__ODR	---	Memory	0x48001414	4	
Factory		GPIOF__BSRR	---	Memory	0x48001418	4	writeOnly	
Factory		GPIOF__LCKR	---	Memory	0x4800141c	4	
Factory		GPIOF__AFRL	---	Memory	0x48001420	4	
Factory		GPIOF__AFRH	---	Memory	0x48001424	4	
Factory		GPIOF__BRR	---	Memory	0x48001428	4	writeOnly	
Factory		GPIOD__MODER	---	Memory	0x48000c00	4	
Factory		GPIOD__OTYPER	---	Memory	0x48000c04	4	
Factory		GPIOD__OSPEEDR	---	Memory	0x48000c08	4	
Factory		GPIOD__PUPDR	---	Memory	0x48000c0c	4	
Factory		GPIOD__IDR	---	Memory	0x48000c10	4	readOnly	
Factory		GPIOD__ODR	---	Memory	0x48000c14	4	
Factory		GPIOD__BSRR	---	Memory	0x48000c18	4	writeOnly	
Factory		GPIOD__LCKR	---	Memory	0x48000c1c	4	
Factory		GPIOD__AFRL	---	Memory	0x48000c20	4	
Factory		GPIOD__AFRH	---	Memory	0x48000c24	4	
Factory		GPIOD__BRR	---	Memory	0x48000c28	4	writeOnly	
Factory		GPIOC__MODER	---	Memory	0x48000800	4	
Factory		GPIOC__OTYPER	---	Memory	0x48000804	4	
Factory		GPIOC__OSPEEDR	---	Memory	0x48000808	4	
Factory		GPIOC__PUPDR	---	Memory	0x4800080c	4	
Factory		GPIOC__IDR	---	Memory	0x48000810	4	readOnly	
Factory		GPIOC__ODR	---	Memory	0x48000814	4	
Factory		GPIOC__BSRR	---	Memory	0x48000818	4	writeOnly	
Factory		GPIOC__LCKR	---	Memory	0x4800081c	4	
Factory		GPIOC__AFRL	---	Memory	0x48000820	4	
Factory		GPIOC__AFRH	---	Memory	0x48000824	4	
Factory		GPIOC__BRR	---	Memory	0x48000828	4	writeOnly	
Factory		GPIOB__MODER	---	Memory	0x48000400	4	
Factory		GPIOB__OTYPER	---	Memory	0x48000404	4	
Factory		GPIOB__OSPEEDR	---	Memory	0x48000408	4	
Factory		GPIOB__PUPDR	---	Memory	0x4800040c	4	
Factory		GPIOB__IDR	---	Memory	0x48000410	4	readOnly	
Factory		GPIOB__ODR	---	Memory	0x48000414	4	
Factory		GPIOB__BSRR	---	Memory	0x48000418	4	writeOnly	
Factory		GPIOB__LCKR	---	Memory	0x4800041c	4	
Factory		GPIOB__AFRL	---	Memory	0x48000420	4	
Factory		GPIOB__AFRH	---	Memory	0x48000424	4	
Factory		GPIOB__BRR	---	Memory	0x48000428	4	writeOnly	
Factory		GPIOA__MODER	---	Memory	0x48000000	4	
Factory		GPIOA__OTYPER	---	Memory	0x48000004	4	
Factory		GPIOA__OSPEEDR	---	Memory	0x48000008	4	
Factory		GPIOA__PUPDR	---	Memory	0x4800000c	4	
Factory		GPIOA__IDR	---	Memory	0x48000010	4	readOnly	
Factory		GPIOA__ODR	---	Memory	0x48000014	4	
Factory		GPIOA__BSRR	---	Memory	0x48000018	4	writeOnly	
Factory		GPIOA__LCKR	---	Memory	0x4800001c	4	
Factory		GPIOA__AFRL	---	Memory	0x48000020	4	
Factory		GPIOA__AFRH	---	Memory	0x48000024	4	
Factory		GPIOA__BRR	---	Memory	0x48000028	4	writeOnly	
Factory		SPI1__CR1	---	Memory	0x40013000	4	
Factory		SPI1__CR2	---	Memory	0x40013004	4	
Factory		SPI1__SR	---	Memory	0x40013008	4	
Factory		SPI1__DR	---	Memory	0x4001300c	4	
Factory		SPI1__CRCPR	---	Memory	0x40013010	4	
Factory		SPI1__RXCRCR	---	Memory	0x40013014	4	readOnly	
Factory		SPI1__TXCRCR	---	Memory	0x40013018	4	readOnly	
Factory		SPI1__I2SCFGR	---	Memory	0x4001301c	4	
Factory		SPI1__I2SPR	---	Memory	0x40013020	4	
Factory		SPI2__CR1	---	Memory	0x40003800	4	
Factory		SPI2__CR2	---	Memory	0x40003804	4	
Factory		SPI2__SR	---	Memory	0x40003808	4	
Factory		SPI2__DR	---	Memory	0x4000380c	4	
Factory		SPI2__CRCPR	---	Memory	0x40003810	4	
Factory		SPI2__RXCRCR	---	Memory	0x40003814	4	readOnly	
Factory		SPI2__TXCRCR	---	Memory	0x40003818	4	readOnly	
Factory		SPI2__I2SCFGR	---	Memory	0x4000381c	4	
Factory		SPI2__I2SPR	---	Memory	0x40003820	4	
Factory		DAC__CR	---	Memory	0x40007400	4	
Factory		DAC__SWTRIGR	---	Memory	0x40007404	4	writeOnly	
Factory		DAC__DHR12R1	---	Memory	0x40007408	4	
Factory		DAC__DHR12L1	---	Memory	0x4000740c	4	
Factory		DAC__DHR8R1	---	Memory	0x40007410	4	
Factory		DAC__DOR1	---	Memory	0x4000742c	4	readOnly	
Factory		DAC__SR	---	Memory	0x40007434	4	
Factory		PWR__CR	---	Memory	0x40007000	4	
Factory		PWR__CSR	---	Memory	0x40007004	4	
Factory		I2C1__CR1	---	Memory	0x40005400	4	
Factory		I2C1__CR2	---	Memory	0x40005404	4	
Factory		I2C1__OAR1	---	Memory	0x40005408	4	
Factory		I2C1__OAR2	---	Memory	0x4000540c	4	
Factory		I2C1__TIMINGR	---	Memory	0x40005410	4	
Factory		I2C1__TIMEOUTR	---	Memory	0x40005414	4	
Factory		I2C1__ISR	---	Memory	0x40005418	4	
Factory		I2C1__ICR	---	Memory	0x4000541c	4	writeOnly	
Factory		I2C1__PECR	---	Memory	0x40005420	4	readOnly	
Factory		I2C1__RXDR	---	Memory	0x40005424	4	readOnly	
Factory		I2C1__TXDR	---	Memory	0x40005428	4	
Factory		I2C2__CR1	---	Memory	0x40005800	4	
Factory		I2C2__CR2	---	Memory	0x40005804	4	
Factory		I2C2__OAR1	---	Memory	0x40005808	4	
Factory		I2C2__OAR2	---	Memory	0x4000580c	4	
Factory		I2C2__TIMINGR	---	Memory	0x40005810	4	
Factory		I2C2__TIMEOUTR	---	Memory	0x40005814	4	
Factory		I2C2__ISR	---	Memory	0x40005818	4	
Factory		I2C2__ICR	---	Memory	0x4000581c	4	writeOnly	
Factory		I2C2__PECR	---	Memory	0x40005820	4	readOnly	
Factory		I2C2__RXDR	---	Memory	0x40005824	4	readOnly	
Factory		I2C2__TXDR	---	Memory	0x40005828	4	
Factory		IWDG__KR	---	Memory	0x40003000	4	writeOnly	
Factory		IWDG__PR	---	Memory	0x40003004	4	
Factory		IWDG__RLR	---	Memory	0x40003008	4	
Factory		IWDG__SR	---	Memory	0x4000300c	4	readOnly	
Factory		IWDG__WINR	---	Memory	0x40003010	4	
Factory		WWDG__CR	---	Memory	0x40002c00	4	
Factory		WWDG__CFR	---	Memory	0x40002c04	4	
Factory		WWDG__SR	---	Memory	0x40002c08	4	
Factory		TIM1__CR1	---	Memory	0x40012c00	4	
Factory		TIM1__CR2	---	Memory	0x40012c04	4	
Factory		TIM1__SMCR	---	Memory	0x40012c08	4	
Factory		TIM1__DIER	---	Memory	0x40012c0c	4	
Factory		TIM1__SR	---	Memory	0x40012c10	4	
Factory		TIM1__EGR	---	Memory	0x40012c14	4	writeOnly	
Factory		TIM1__CCMR1_Output	---	Memory	0x40012c18	4	
Factory		TIM1__CCMR1_Input	---	Memory	0x40012c18	4	
Factory		TIM1__CCMR2_Output	---	Memory	0x40012c1c	4	
Factory		TIM1__CCMR2_Input	---	Memory	0x40012c1c	4	
Factory		TIM1__CCER	---	Memory	0x40012c20	4	
Factory		TIM1__CNT	---	Memory	0x40012c24	4	
Factory		TIM1__PSC	---	Memory	0x40012c28	4	
Factory		TIM1__ARR	---	Memory	0x40012c2c	4	
Factory		TIM1__RCR	---	Memory	0x40012c30	4	
Factory		TIM1__CCR1	---	Memory	0x40012c34	4	
Factory		TIM1__CCR2	---	Memory	0x40012c38	4	
Factory		TIM1__CCR3	---	Memory	0x40012c3c	4	
Factory		TIM1__CCR4	---	Memory	0x40012c40	4	
Factory		TIM1__BDTR	---	Memory	0x40012c44	4	
Factory		TIM1__DCR	---	Memory	0x40012c48	4	
Factory		TIM1__DMAR	---	Memory	0x40012c4c	4	
Factory		TIM2__CR1	---	Memory	0x40000000	4	
Factory		TIM2__CR2	---	Memory	0x40000004	4	
Factory		TIM2__SMCR	---	Memory	0x40000008	4	
Factory		TIM2__DIER	---	Memory	0x4000000c	4	
Factory		TIM2__SR	---	Memory	0x40000010	4	
Factory		TIM2__EGR	---	Memory	0x40000014	4	writeOnly	
Factory		TIM2__CCMR1_Output	---	Memory	0x40000018	4	
Factory		TIM2__CCMR1_Input	---	Memory	0x40000018	4	
Factory		TIM2__CCMR2_Output	---	Memory	0x4000001c	4	
Factory		TIM2__CCMR2_Input	---	Memory	0x4000001c	4	
Factory		TIM2__CCER	---	Memory	0x40000020	4	
Factory		TIM2__CNT	---	Memory	0x40000024	4	
Factory		TIM2__PSC	---	Memory	0x40000028	4	
Factory		TIM2__ARR	---	Memory	0x4000002c	4	
Factory		TIM2__CCR1	---	Memory	0x40000034	4	
Factory		TIM2__CCR2	---	Memory	0x40000038	4	
Factory		TIM2__CCR3	---	Memory	0x4000003c	4	
Factory		TIM2__CCR4	---	Memory	0x40000040	4	
Factory		TIM2__DCR	---	Memory	0x40000048	4	
Factory		TIM2__DMAR	---	Memory	0x4000004c	4	
Factory		TIM3__CR1	---	Memory	0x40000400	4	
Factory		TIM3__CR2	---	Memory	0x40000404	4	
Factory		TIM3__SMCR	---	Memory	0x40000408	4	
Factory		TIM3__DIER	---	Memory	0x4000040c	4	
Factory		TIM3__SR	---	Memory	0x40000410	4	
Factory		TIM3__EGR	---	Memory	0x40000414	4	writeOnly	
Factory		TIM3__CCMR1_Output	---	Memory	0x40000418	4	
Factory		TIM3__CCMR1_Input	---	Memory	0x40000418	4	
Factory		TIM3__CCMR2_Output	---	Memory	0x4000041c	4	
Factory		TIM3__CCMR2_Input	---	Memory	0x4000041c	4	
Factory		TIM3__CCER	---	Memory	0x40000420	4	
Factory		TIM3__CNT	---	Memory	0x40000424	4	
Factory		TIM3__PSC	---	Memory	0x40000428	4	
Factory		TIM3__ARR	---	Memory	0x4000042c	4	
Factory		TIM3__CCR1	---	Memory	0x40000434	4	
Factory		TIM3__CCR2	---	Memory	0x40000438	4	
Factory		TIM3__CCR3	---	Memory	0x4000043c	4	
Factory		TIM3__CCR4	---	Memory	0x40000440	4	
Factory		TIM3__DCR	---	Memory	0x40000448	4	
Factory		TIM3__DMAR	---	Memory	0x4000044c	4	
Factory		TIM14__CR1	---	Memory	0x40002000	4	
Factory		TIM14__DIER	---	Memory	0x4000200c	4	
Factory		TIM14__SR	---	Memory	0x40002010	4	
Factory		TIM14__EGR	---	Memory	0x40002014	4	writeOnly	
Factory		TIM14__CCMR1_Output	---	Memory	0x40002018	4	
Factory		TIM14__CCMR1_Input	---	Memory	0x40002018	4	
Factory		TIM14__CCER	---	Memory	0x40002020	4	
Factory		TIM14__CNT	---	Memory	0x40002024	4	
Factory		TIM14__PSC	---	Memory	0x40002028	4	
Factory		TIM14__ARR	---	Memory	0x4000202c	4	
Factory		TIM14__CCR1	---	Memory	0x40002034	4	
Factory		TIM14__OR	---	Memory	0x40002050	4	
Factory		TIM6__CR1	---	Memory	0x40001000	4	
Factory		TIM6__CR2	---	Memory	0x40001004	4	
Factory		TIM6__DIER	---	Memory	0x4000100c	4	
Factory		TIM6__SR	---	Memory	0x40001010	4	
Factory		TIM6__EGR	---	Memory	0x40001014	4	writeOnly	
Factory		TIM6__CNT	---	Memory	0x40001024	4	
Factory		TIM6__PSC	---	Memory	0x40001028	4	
Factory		TIM6__ARR	---	Memory	0x4000102c	4	
Factory		EXTI__IMR	---	Memory	0x40010400	4	
Factory		EXTI__EMR	---	Memory	0x40010404	4	
Factory		EXTI__RTSR	---	Memory	0x40010408	4	
Factory		EXTI__FTSR	---	Memory	0x4001040c	4	
Factory		EXTI__SWIER	---	Memory	0x40010410	4	
Factory		EXTI__PR	---	Memory	0x40010414	4	
Factory		ISER	---	Memory	0xe000e100	4	
Factory		ICER	---	Memory	0xe000e180	4	
Factory		ISPR	---	Memory	0xe000e200	4	
Factory		ICPR	---	Memory	0xe000e280	4	
Factory		IPR0	---	Memory	0xe000e400	4	
Factory		IPR1	---	Memory	0xe000e404	4	
Factory		IPR2	---	Memory	0xe000e408	4	
Factory		IPR3	---	Memory	0xe000e40c	4	
Factory		IPR4	---	Memory	0xe000e410	4	
Factory		IPR5	---	Memory	0xe000e414	4	
Factory		IPR6	---	Memory	0xe000e418	4	
Factory		IPR7	---	Memory	0xe000e41c	4	
Factory		DMA__ISR	---	Memory	0x40020000	4	readOnly	
Factory		DMA__IFCR	---	Memory	0x40020004	4	writeOnly	
Factory		DMA__CCR1	---	Memory	0x40020008	4	
Factory		DMA__CNDTR1	---	Memory	0x4002000c	4	
Factory		DMA__CPAR1	---	Memory	0x40020010	4	
Factory		DMA__CMAR1	---	Memory	0x40020014	4	
Factory		DMA__CCR2	---	Memory	0x4002001c	4	
Factory		DMA__CNDTR2	---	Memory	0x40020020	4	
Factory		DMA__CPAR2	---	Memory	0x40020024	4	
Factory		DMA__CMAR2	---	Memory	0x40020028	4	
Factory		DMA__CCR3	---	Memory	0x40020030	4	
Factory		DMA__CNDTR3	---	Memory	0x40020034	4	
Factory		DMA__CPAR3	---	Memory	0x40020038	4	
Factory		DMA__CMAR3	---	Memory	0x4002003c	4	
Factory		DMA__CCR4	---	Memory	0x40020044	4	
Factory		DMA__CNDTR4	---	Memory	0x40020048	4	
Factory		DMA__CPAR4	---	Memory	0x4002004c	4	
Factory		DMA__CMAR4	---	Memory	0x40020050	4	
Factory		DMA__CCR5	---	Memory	0x40020058	4	
Factory		DMA__CNDTR5	---	Memory	0x4002005c	4	
Factory		DMA__CPAR5	---	Memory	0x40020060	4	
Factory		DMA__CMAR5	---	Memory	0x40020064	4	
Factory		DMA__CCR6	---	Memory	0x4002006c	4	
Factory		DMA__CNDTR6	---	Memory	0x40020070	4	
Factory		DMA__CPAR6	---	Memory	0x40020074	4	
Factory		DMA__CMAR6	---	Memory	0x40020078	4	
Factory		DMA__CCR7	---	Memory	0x40020080	4	
Factory		DMA__CNDTR7	---	Memory	0x40020084	4	
Factory		DMA__CPAR7	---	Memory	0x40020088	4	
Factory		DMA__CMAR7	---	Memory	0x4002008c	4	
Factory		RCC__CR	---	Memory	0x40021000	4	
Factory		RCC__CFGR	---	Memory	0x40021004	4	
Factory		RCC__CIR	---	Memory	0x40021008	4	
Factory		RCC__APB2RSTR	---	Memory	0x4002100c	4	
Factory		RCC__APB1RSTR	---	Memory	0x40021010	4	
Factory		RCC__AHBENR	---	Memory	0x40021014	4	
Factory		RCC__APB2ENR	---	Memory	0x40021018	4	
Factory		RCC__APB1ENR	---	Memory	0x4002101c	4	
Factory		RCC__BDCR	---	Memory	0x40021020	4	
Factory		RCC__CSR	---	Memory	0x40021024	4	
Factory		RCC__AHBRSTR	---	Memory	0x40021028	4	
Factory		RCC__CFGR2	---	Memory	0x4002102c	4	
Factory		RCC__CFGR3	---	Memory	0x40021030	4	
Factory		RCC__CR2	---	Memory	0x40021034	4	
Factory		SYSCFG__CFGR1	---	Memory	0x40010000	4	
Factory		SYSCFG__EXTICR1	---	Memory	0x40010008	4	
Factory		SYSCFG__EXTICR2	---	Memory	0x4001000c	4	
Factory		SYSCFG__EXTICR3	---	Memory	0x40010010	4	
Factory		SYSCFG__EXTICR4	---	Memory	0x40010014	4	
Factory		SYSCFG__CFGR2	---	Memory	0x40010018	4	
Factory		ADC__ISR	---	Memory	0x40012400	4	
Factory		ADC__IER	---	Memory	0x40012404	4	
Factory		ADC__CR	---	Memory	0x40012408	4	
Factory		ADC__CFGR1	---	Memory	0x4001240c	4	
Factory		ADC__CFGR2	---	Memory	0x40012410	4	
Factory		ADC__SMPR	---	Memory	0x40012414	4	
Factory		ADC__TR	---	Memory	0x40012420	4	
Factory		ADC__CHSELR	---	Memory	0x40012428	4	
Factory		ADC__DR	---	Memory	0x40012440	4	readOnly	
Factory		ADC__CCR	---	Memory	0x40012708	4	
Factory		USART1__CR1	---	Memory	0x40013800	4	
Factory		USART1__CR2	---	Memory	0x40013804	4	
Factory		USART1__CR3	---	Memory	0x40013808	4	
Factory		USART1__BRR	---	Memory	0x4001380c	4	
Factory		USART1__GTPR	---	Memory	0x40013810	4	
Factory		USART1__RTOR	---	Memory	0x40013814	4	
Factory		USART1__RQR	---	Memory	0x40013818	4	
Factory		USART1__ISR	---	Memory	0x4001381c	4	readOnly	
Factory		USART1__ICR	---	Memory	0x40013820	4	
Factory		USART1__RDR	---	Memory	0x40013824	4	readOnly	
Factory		USART1__TDR	---	Memory	0x40013828	4	
Factory		USART2__CR1	---	Memory	0x40004400	4	
Factory		USART2__CR2	---	Memory	0x40004404	4	
Factory		USART2__CR3	---	Memory	0x40004408	4	
Factory		USART2__BRR	---	Memory	0x4000440c	4	
Factory		USART2__GTPR	---	Memory	0x40004410	4	
Factory		USART2__RTOR	---	Memory	0x40004414	4	
Factory		USART2__RQR	---	Memory	0x40004418	4	
Factory		USART2__ISR	---	Memory	0x4000441c	4	readOnly	
Factory		USART2__ICR	---	Memory	0x40004420	4	
Factory		USART2__RDR	---	Memory	0x40004424	4	readOnly	
Factory		USART2__TDR	---	Memory	0x40004428	4	
Factory		COMP__CSR	---	Memory	0x4001001c	4	
Factory		RTC__TR	---	Memory	0x40002800	4	
Factory		RTC__DR	---	Memory	0x40002804	4	
Factory		RTC__CR	---	Memory	0x40002808	4	
Factory		RTC__ISR	---	Memory	0x4000280c	4	
Factory		RTC__PRER	---	Memory	0x40002810	4	
Factory		RTC__ALRMAR	---	Memory	0x4000281c	4	
Factory		RTC__WPR	---	Memory	0x40002824	4	writeOnly	
Factory		RTC__SSR	---	Memory	0x40002828	4	readOnly	
Factory		RTC__SHIFTR	---	Memory	0x4000282c	4	writeOnly	
Factory		RTC__TSTR	---	Memory	0x40002830	4	readOnly	
Factory		RTC__TSDR	---	Memory	0x40002834	4	readOnly	
Factory		RTC__TSSSR	---	Memory	0x40002838	4	readOnly	
Factory		RTC__CALR	---	Memory	0x4000283c	4	
Factory		RTC__TAFCR	---	Memory	0x40002840	4	
Factory		RTC__ALRMASSR	---	Memory	0x40002844	4	
Factory		RTC__BKP0R	---	Memory	0x40002850	4	
Factory		RTC__BKP1R	---	Memory	0x40002854	4	
Factory		RTC__BKP2R	---	Memory	0x40002858	4	
Factory		RTC__BKP3R	---	Memory	0x4000285c	4	
Factory		RTC__BKP4R	---	Memory	0x40002860	4	
Factory		TIM15__CR1	---	Memory	0x40014000	4	
Factory		TIM15__CR2	---	Memory	0x40014004	4	
Factory		TIM15__SMCR	---	Memory	0x40014008	4	
Factory		TIM15__DIER	---	Memory	0x4001400c	4	
Factory		TIM15__SR	---	Memory	0x40014010	4	
Factory		TIM15__EGR	---	Memory	0x40014014	4	writeOnly	
Factory		TIM15__CCMR1_Output	---	Memory	0x40014018	4	
Factory		TIM15__CCMR1_Input	---	Memory	0x40014018	4	
Factory		TIM15__CCER	---	Memory	0x40014020	4	
Factory		TIM15__CNT	---	Memory	0x40014024	4	
Factory		TIM15__PSC	---	Memory	0x40014028	4	
Factory		TIM15__ARR	---	Memory	0x4001402c	4	
Factory		TIM15__RCR	---	Memory	0x40014030	4	
Factory		TIM15__CCR1	---	Memory	0x40014034	4	
Factory		TIM15__CCR2	---	Memory	0x40014038	4	
Factory		TIM15__BDTR	---	Memory	0x40014044	4	
Factory		TIM15__DCR	---	Memory	0x40014048	4	
Factory		TIM15__DMAR	---	Memory	0x4001404c	4	
Factory		TIM16__CR1	---	Memory	0x40014400	4	
Factory		TIM16__CR2	---	Memory	0x40014404	4	
Factory		TIM16__DIER	---	Memory	0x4001440c	4	
Factory		TIM16__SR	---	Memory	0x40014410	4	
Factory		TIM16__EGR	---	Memory	0x40014414	4	writeOnly	
Factory		TIM16__CCMR1_Output	---	Memory	0x40014418	4	
Factory		TIM16__CCMR1_Input	---	Memory	0x40014418	4	
Factory		TIM16__CCER	---	Memory	0x40014420	4	
Factory		TIM16__CNT	---	Memory	0x40014424	4	
Factory		TIM16__PSC	---	Memory	0x40014428	4	
Factory		TIM16__ARR	---	Memory	0x4001442c	4	
Factory		TIM16__RCR	---	Memory	0x40014430	4	
Factory		TIM16__CCR1	---	Memory	0x40014434	4	
Factory		TIM16__BDTR	---	Memory	0x40014444	4	
Factory		TIM16__DCR	---	Memory	0x40014448	4	
Factory		TIM16__DMAR	---	Memory	0x4001444c	4	
Factory		TIM17__CR1	---	Memory	0x40014800	4	
Factory		TIM17__CR2	---	Memory	0x40014804	4	
Factory		TIM17__DIER	---	Memory	0x4001480c	4	
Factory		TIM17__SR	---	Memory	0x40014810	4	
Factory		TIM17__EGR	---	Memory	0x40014814	4	writeOnly	
Factory		TIM17__CCMR1_Output	---	Memory	0x40014818	4	
Factory		TIM17__CCMR1_Input	---	Memory	0x40014818	4	
Factory		TIM17__CCER	---	Memory	0x40014820	4	
Factory		TIM17__CNT	---	Memory	0x40014824	4	
Factory		TIM17__PSC	---	Memory	0x40014828	4	
Factory		TIM17__ARR	---	Memory	0x4001482c	4	
Factory		TIM17__RCR	---	Memory	0x40014830	4	
Factory		TIM17__CCR1	---	Memory	0x40014834	4	
Factory		TIM17__BDTR	---	Memory	0x40014844	4	
Factory		TIM17__DCR	---	Memory	0x40014848	4	
Factory		TIM17__DMAR	---	Memory	0x4001484c	4	
Factory		TSC__CR	---	Memory	0x40024000	4	
Factory		TSC__IER	---	Memory	0x40024004	4	
Factory		TSC__ICR	---	Memory	0x40024008	4	
Factory		TSC__ISR	---	Memory	0x4002400c	4	
Factory		TSC__IOHCR	---	Memory	0x40024010	4	
Factory		TSC__IOASCR	---	Memory	0x40024018	4	
Factory		TSC__IOSCR	---	Memory	0x40024020	4	
Factory		TSC__IOCCR	---	Memory	0x40024028	4	
Factory		TSC__IOGCSR	---	Memory	0x40024030	4	
Factory		TSC__IOG1CR	---	Memory	0x40024034	4	readOnly	
Factory		TSC__IOG2CR	---	Memory	0x40024038	4	readOnly	
Factory		TSC__IOG3CR	---	Memory	0x4002403c	4	readOnly	
Factory		TSC__IOG4CR	---	Memory	0x40024040	4	readOnly	
Factory		TSC__IOG5CR	---	Memory	0x40024044	4	readOnly	
Factory		TSC__IOG6CR	---	Memory	0x40024048	4	readOnly	
Factory		CEC__CR	---	Memory	0x40007800	4	
Factory		CEC__CFGR	---	Memory	0x40007804	4	
Factory		CEC__TXDR	---	Memory	0x40007808	4	writeOnly	
Factory		CEC__RXDR	---	Memory	0x4000780c	4	readOnly	
Factory		CEC__ISR	---	Memory	0x40007810	4	
Factory		CEC__IER	---	Memory	0x40007814	4	
Factory		Flash__ACR	---	Memory	0x40022000	4	
Factory		Flash__KEYR	---	Memory	0x40022004	4	writeOnly	
Factory		Flash__OPTKEYR	---	Memory	0x40022008	4	writeOnly	
Factory		Flash__SR	---	Memory	0x4002200c	4	
Factory		Flash__CR	---	Memory	0x40022010	4	
Factory		Flash__AR	---	Memory	0x40022014	4	writeOnly	
Factory		Flash__OBR	---	Memory	0x4002201c	4	readOnly	
Factory		Flash__WRPR	---	Memory	0x40022020	4	readOnly	
Factory		DBGMCU__IDCODE	---	Memory	0x40015800	4	readOnly	
Factory		DBGMCU__CR	---	Memory	0x40015804	4	
Factory		DBGMCU__APBL_FZ	---	Memory	0x40015808	4	
Factory		DBGMCU__APBH_FZ	---	Memory	0x4001580c	4	
Factory		CRC__DR.DR	---	Memory	0x40023000	4	
Factory		CRC__INIT.INIT	---	Memory	0x4002300c	4	
Factory		ISER.SETENA	---	Memory	0xe000e100	4	
Factory		ICER.CLRENA	---	Memory	0xe000e180	4	
Factory		ISPR.SETPEND	---	Memory	0xe000e200	4	
Factory		ICPR.CLRPEND	---	Memory	0xe000e280	4	
Factory		DMA__CPAR1.PA	---	Memory	0x40020010	4	
Factory		DMA__CMAR1.MA	---	Memory	0x40020014	4	
Factory		DMA__CPAR2.PA	---	Memory	0x40020024	4	
Factory		DMA__CMAR2.MA	---	Memory	0x40020028	4	
Factory		DMA__CPAR3.PA	---	Memory	0x40020038	4	
Factory		DMA__CMAR3.MA	---	Memory	0x4002003c	4	
Factory		DMA__CPAR4.PA	---	Memory	0x4002004c	4	
Factory		DMA__CMAR4.MA	---	Memory	0x40020050	4	
Factory		DMA__CPAR5.PA	---	Memory	0x40020060	4	
Factory		DMA__CMAR5.MA	---	Memory	0x40020064	4	
Factory		DMA__CPAR6.PA	---	Memory	0x40020074	4	
Factory		DMA__CMAR6.MA	---	Memory	0x40020078	4	
Factory		DMA__CPAR7.PA	---	Memory	0x40020088	4	
Factory		DMA__CMAR7.MA	---	Memory	0x4002008c	4	
Factory		RTC__BKP0R.BKP	---	Memory	0x40002850	4	
Factory		RTC__BKP1R.BKP	---	Memory	0x40002854	4	
Factory		RTC__BKP2R.BKP	---	Memory	0x40002858	4	
Factory		RTC__BKP3R.BKP	---	Memory	0x4000285c	4	
Factory		RTC__BKP4R.BKP	---	Memory	0x40002860	4	
Factory		Flash__KEYR.FKEYR	---	Memory	0x40022004	4	
Factory		Flash__OPTKEYR.OPTKEYR	---	Memory	0x40022008	4	
Factory		Flash__AR.FAR	---	Memory	0x40022014	4	
Factory	weak	SHCSR	---	Memory	0xe000ed24	4	
Factory	weak	DFSR	---	Memory	0xe000ed30	4	
Factory	weak	DHCSR	---	Memory	0xe000edf0	4	
Factory	weak	DCRSR	---	Memory	0xe000edf4	4	writeOnly	
Factory	weak	DCRDR	---	Memory	0xe000edf8	4	
Factory	weak	DEMCR	---	Memory	0xe000edfc	4	
Factory	weak	BP_CTRL	---	Memory	0xe0002000	4	
Factory	weak	BP_COMP0	---	Memory	0xe0002008	4	
Factory	weak	BP_COMP1	---	Memory	0xe000200c	4	
Factory	weak	BP_COMP2	---	Memory	0xe0002010	4	
Factory	weak	BP_COMP3	---	Memory	0xe0002014	4	
Factory	weak	BP_PIDR4	---	Memory	0xe0002fd0	4	readOnly	
Factory	weak	BP_PIDR5	---	Memory	0xe0002fd4	4	readOnly	
Factory	weak	BP_PIDR6	---	Memory	0xe0002fd8	4	readOnly	
Factory	weak	BP_PIDR7	---	Memory	0xe0002fdc	4	readOnly	
Factory	weak	BP_PIDR0	---	Memory	0xe0002fe0	4	readOnly	
Factory	weak	BP_PIDR1	---	Memory	0xe0002fe4	4	readOnly	
Factory	weak	BP_PIDR2	---	Memory	0xe0002fe8	4	readOnly	
Factory	weak	BP_PIDR3	---	Memory	0xe0002fec	4	readOnly	
Factory	weak	BP_CIDR0	---	Memory	0xe0002ff0	4	readOnly	
Factory	weak	BP_CIDR1	---	Memory	0xe0002ff4	4	readOnly	
Factory	weak	BP_CIDR2	---	Memory	0xe0002ff8	4	readOnly	
Factory	weak	BP_CIDR3	---	Memory	0xe0002ffc	4	readOnly	
Factory	weak	BP_LSR	---	Memory	0xe0002fb4	4	readOnly	
Factory	weak	BP_LAR	---	Memory	0xe0002fb0	4	writeOnly	
Factory	weak	DWT_CTRL	---	Memory	0xe0001000	4	readOnly	
Factory	weak	DWT_PCSR	---	Memory	0xe000101c	4	readOnly	
Factory	weak	DWT_COMP0	---	Memory	0xe0001020	4	
Factory	weak	DWT_MASK0	---	Memory	0xe0001024	4	
Factory	weak	DWT_FUNCTION0	---	Memory	0xe0001028	4	
Factory	weak	DWT_COMP1	---	Memory	0xe0001030	4	
Factory	weak	DWT_MASK1	---	Memory	0xe0001034	4	
Factory	weak	DWT_FUNCTION1	---	Memory	0xe0001038	4	
Factory	weak	DWT_PIDR4	---	Memory	0xe0001fd0	4	readOnly	
Factory	weak	DWT_PIDR5	---	Memory	0xe0001fd4	4	readOnly	
Factory	weak	DWT_PIDR6	---	Memory	0xe0001fd8	4	readOnly	
Factory	weak	DWT_PIDR7	---	Memory	0xe0001fdc	4	readOnly	
Factory	weak	DWT_PIDR0	---	Memory	0xe0001fe0	4	readOnly	
Factory	weak	DWT_PIDR1	---	Memory	0xe0001fe4	4	readOnly	
Factory	weak	DWT_PIDR2	---	Memory	0xe0001fe8	4	readOnly	
Factory	weak	DWT_PIDR3	---	Memory	0xe0001fec	4	readOnly	
Factory	weak	DWT_CIDR0	---	Memory	0xe0001ff0	4	readOnly	
Factory	weak	DWT_CIDR1	---	Memory	0xe0001ff4	4	readOnly	
Factory	weak	DWT_CIDR2	---	Memory	0xe0001ff8	4	readOnly	
Factory	weak	DWT_CIDR3	---	Memory	0xe0001ffc	4	readOnly	
Factory	weak	DWT_LSR	---	Memory	0xe0001fb4	4	readOnly	
Factory	weak	DWT_LAR	---	Memory	0xe0001fb0	4	writeOnly	
Factory	weak	ROM_SCS	---	Memory	0xe00ff000	4	readOnly	
Factory	weak	ROM_DWT	---	Memory	0xe00ff004	4	readOnly	
Factory	weak	ROM_BPU	---	Memory	0xe00ff008	4	readOnly	
Factory	weak	ROM_END	---	Memory	0xe00ff00c	4	readOnly	
Factory	weak	ROM_MEMTYPE	---	Memory	0xe00fffcc	4	readOnly	
Factory	weak	ROM_PIDR4	---	Memory	0xe00fffd0	4	readOnly	
Factory	weak	ROM_PIDR5	---	Memory	0xe00fffd4	4	readOnly	
Factory	weak	ROM_PIDR6	---	Memory	0xe00fffd8	4	readOnly	
Factory	weak	ROM_PIDR7	---	Memory	0xe00fffdc	4	readOnly	
Factory	weak	ROM_PIDR0	---	Memory	0xe00fffe0	4	readOnly	
Factory	weak	ROM_PIDR1	---	Memory	0xe00fffe4	4	readOnly	
Factory	weak	ROM_PIDR2	---	Memory	0xe00fffe8	4	readOnly	
Factory	weak	ROM_PIDR3	---	Memory	0xe00fffec	4	readOnly	
Factory	weak	ROM_CIDR0	---	Memory	0xe00ffff0	4	readOnly	
Factory	weak	ROM_CIDR1	---	Memory	0xe00ffff4	4	readOnly	
Factory	weak	ROM_CIDR2	---	Memory	0xe00ffff8	4	readOnly	
Factory	weak	ROM_CIDR3	---	Memory	0xe00ffffc	4	readOnly	
Factory	weak	MPU_TYPE	---	Memory	0xe000ed90	4	readOnly	
Factory	weak	CPUID	---	Memory	0xe000ed00	4	readOnly	
Factory	weak	ICSR	---	Memory	0xe000ed04	4	
Factory	weak	VTOR	---	Memory	0xe000ed08	4	
Factory	weak	AIRCR	---	Memory	0xe000ed0c	4	
Factory	weak	SCR	---	Memory	0xe000ed10	4	
Factory	weak	CCR	---	Memory	0xe000ed14	4	readOnly	
Factory	weak	SHPR2	---	Memory	0xe000ed1c	4	
Factory	weak	SHPR3	---	Memory	0xe000ed20	4	
Factory	weak	ACTLR	---	Memory	0xe000e008	4	
Factory	weak	SYST_CSR	---	Memory	0xe000e010	4	
Factory	weak	SYST_RVR	---	Memory	0xe000e014	4	
Factory	weak	SYST_CVR	---	Memory	0xe000e018	4	
Factory	weak	SYST_CALIB	---	Memory	0xe000e01c	4	readOnly	
Factory	weak	DCRDR.DBGTMP	---	Memory	0xe000edf8	4	
Factory	weak	DWT_PCSR.EIASAMPLE	---	Memory	0xe000101c	4	
Factory	weak	DWT_COMP0.COMP	---	Memory	0xe0001020	4	
Factory	weak	DWT_COMP1.COMP	---	Memory	0xe0001030	4	
