              definition:  __ICFEDIT_region_RAM_start__
              definition:  __ICFEDIT_region_RAM_end__
              definition:  __as_table_start
              definition:  __as_entries_start
Loading object C:\Users\Pranav\Documents\IAR Embedded Workbench\IAR-STM32F051R8-SK\Arduino_STM32\Arduino_STM32\Debug\Obj\ardADC.o.
              reference :  ADC_ChannelConfig
              reference :  ADC_Cmd
              reference :  ADC_DeInit
              reference :  ADC_GetCalibrationFactor
              reference :  ADC_GetConversionValue
              reference :  ADC_GetFlagStatus
              reference :  ADC_ITConfig
              reference :  ADC_Init
              reference :  ADC_StartOfConversion
              reference :  GPIO_Init
              reference :  NVIC_Init
              reference :  RCC_AHBPeriphClockCmd
              reference :  RCC_APB2PeriphClockCmd
              reference :  _Znwj
              definition:  _Z10analogReadP12GPIO_TypeDefh
              definition:  _Z10analogReadP12GPIO_TypeDefhPi
              definition:  _Z10analogReadP12GPIO_TypeDefhPih
              definition:  _Z10analogReadP12GPIO_TypeDefhh
              definition:  _Z10analogStopP11ADC_TypeDef
              definition:  _Z10analogStopv
              definition:  _Z12analogReadITP12GPIO_TypeDefh
              definition:  _Z12analogReadITv
              definition:  __ADC_data
              definition:  __iar_cc.IRQn.kxqE0fW5Vp9
Loading object C:\Users\Pranav\Documents\IAR Embedded Workbench\IAR-STM32F051R8-SK\Arduino_STM32\Arduino_STM32\Debug\Obj\ardCOMP.o.
              definition:  _ZN4comp5beginEi
              definition:  _ZN4comp5beginEv
Loading object C:\Users\Pranav\Documents\IAR Embedded Workbench\IAR-STM32F051R8-SK\Arduino_STM32\Arduino_STM32\Debug\Obj\ardCRC.o.
              reference :  CRC_CalcBlockCRC
              reference :  CRC_CalcCRC
              reference :  CRC_DeInit
              reference :  CRC_ResetDR
              reference :  CRC_ReverseInputDataSelect
              reference :  CRC_SetInitRegister
              reference :  CRC_SetPolynomial
              reference :  RCC_AHBPeriphClockCmd
              definition:  Crc
              definition:  _ZN3crc12calcBlockCRCEPjj
              definition:  _ZN3crc4stopEv
              definition:  _ZN3crc5beginEj
              definition:  _ZN3crc5beginEv
              definition:  _ZN3crc7calcCRCEj
Loading object C:\Users\Pranav\Documents\IAR Embedded Workbench\IAR-STM32F051R8-SK\Arduino_STM32\Arduino_STM32\Debug\Obj\ardDAC.o.
              reference :  DAC_Cmd
              reference :  DAC_DeInit
              reference :  DAC_Init
              reference :  DAC_SetChannel1Data
              reference :  DAC_SetChannel2Data
              reference :  DAC_SoftwareTriggerCmd
              reference :  RCC_APB1PeriphClockCmd
              reference :  _Z7pinModeP12GPIO_TypeDefhh
              definition:  Dac
              definition:  _ZN3dac3outEt
              definition:  _ZN3dac4stopEv
              definition:  _ZN3dac5beginEh
              definition:  _ZN3dac5beginEv
Loading object C:\Users\Pranav\Documents\IAR Embedded Workbench\IAR-STM32F051R8-SK\Arduino_STM32\Arduino_STM32\Debug\Obj\ardGPIO.o.
              reference :  GPIO_Init
              reference :  GPIO_PinAFConfig
              reference :  GPIO_ReadInputData
              reference :  RCC_AHBPeriphClockCmd
              definition:  _Z11digitalReadP12GPIO_TypeDefh
              definition:  _Z11pinAFconfigP12GPIO_TypeDefth
              definition:  _Z12digitalWriteP12GPIO_TypeDefhh
              definition:  _Z14digitalReadOutP12GPIO_TypeDefh
              definition:  _Z18digitalReadDataOutP12GPIO_TypeDef
              definition:  _Z7pinModeP12GPIO_TypeDefhh
              definition:  _Z7pinModeP12GPIO_TypeDefhhh
              definition:  _Z7pinModeP12GPIO_TypeDefhhhh
              definition:  _Z7pinModeP12GPIO_TypeDefhhhhh
Loading object C:\Users\Pranav\Documents\IAR Embedded Workbench\IAR-STM32F051R8-SK\Arduino_STM32\Arduino_STM32\Debug\Obj\ardTIM.o.
              reference :  GPIO_Init
              reference :  GPIO_PinAFConfig
              reference :  NVIC_Init
              reference :  RCC_AHBPeriphClockCmd
              reference :  RCC_APB1PeriphClockCmd
              reference :  RCC_APB2PeriphClockCmd
              reference :  SystemCoreClock
              reference :  TIM_Cmd
              reference :  TIM_CtrlPWMOutputs
              reference :  TIM_ICInit
              reference :  TIM_ICStructInit
              reference :  TIM_ITConfig
              reference :  TIM_OC1Init
              reference :  TIM_OC2Init
              reference :  TIM_OC3Init
              reference :  TIM_OC4Init
              reference :  TIM_OCStructInit
              reference :  TIM_TimeBaseInit
              reference :  TIM_TimeBaseStructInit
              reference :  __aeabi_memcpy4
              reference :  __aeabi_uidiv
              definition:  _Z11analogWriteP12GPIO_TypeDefii
              definition:  _Z12getFrequencyP12GPIO_TypeDefiPjS1_j
              definition:  _Z6PWMoutP12GPIO_TypeDefii
              definition:  _Z6PWMoutP12GPIO_TypeDefiii
              definition:  __ICdone
              definition:  __ICtimerName
              definition:  __dutyPointer
              definition:  __fallingChannelNo
              definition:  __freqPointer
              definition:  __risingChannelNo
              definition:  __iar_cc.IRQn.kxqE0fW5Vp9
Loading object C:\Users\Pranav\Documents\IAR Embedded Workbench\IAR-STM32F051R8-SK\Arduino_STM32\Arduino_STM32\Debug\Obj\ardUSART.o.
              reference :  NVIC_Init
              reference :  RCC_APB2PeriphClockCmd
              reference :  USART_Cmd
              reference :  USART_DeInit
              reference :  USART_GetITStatus
              reference :  USART_ITConfig
              reference :  USART_Init
              reference :  USART_SendData
              reference :  USART_StructInit
              reference :  _Z11pinAFconfigP12GPIO_TypeDefth
              reference :  _Z7pinModeP12GPIO_TypeDefhhhhh
              reference :  __aeabi_idivmod
              reference :  __aeabi_memclr4
              reference :  __aeabi_uidiv
              reference :  __aeabi_uidivmod
              reference :  strlen
              definition:  Serial
              definition:  _ZN6serial4readEv
              definition:  _ZN6serial4stopEv
              definition:  _ZN6serial5beginEhj
              definition:  __iar_cc.IRQn.kxqE0fW5Vp9
              definition:  _ZN6serial5printEPKc
              definition:  _ZN6serial5printEi
              definition:  _ZN6serial5printEm
              definition:  _ZN6serial5printEmh
              definition:  _ZN6serial5writeEPhj
              definition:  _ZN6serial5writeEh
              definition:  _ZN6serial7clearRxEv
              definition:  _ZN6serial7clearTxEv
              definition:  _ZN6serial7printlnEPKc
              definition:  _ZN6serial7printlnEi
              definition:  _ZN6serial7printlnEm
              definition:  _ZN6serial7printlnEmh
              definition:  _ZN6serial7stopAllEv
              definition:  _ZN6serial9availableEv
Loading object C:\Users\Pranav\Documents\IAR Embedded Workbench\IAR-STM32F051R8-SK\Arduino_STM32\Arduino_STM32\Debug\Obj\main.o.
              reference :  Crc
              reference :  Dac
              reference :  RCC_GetClocksFreq
              reference :  Serial
              reference :  _Z10analogReadP12GPIO_TypeDefhPi
              reference :  _Z11digitalReadP12GPIO_TypeDefh
              reference :  _Z12digitalWriteP12GPIO_TypeDefhh
              reference :  _Z12getFrequencyP12GPIO_TypeDefiPjS1_j
              reference :  _Z7pinModeP12GPIO_TypeDefhh
              reference :  _ZN3crc12calcBlockCRCEPjj
              reference :  _ZN3crc4stopEv
              reference :  _ZN3crc5beginEv
              reference :  _ZN3dac3outEt
              reference :  _ZN3dac5beginEv
              reference :  _ZN6serial4readEv
              reference :  _ZN6serial5beginEhj
              reference :  _ZN6serial7printlnEPKc
              reference :  _ZN6serial7printlnEmh
              reference :  _ZN6serial9availableEv
              reference :  __aeabi_uidiv
              definition:  _Z20delayResolution100usj
              definition:  _Z21TimingDelay_Decrementv
              definition:  _Z5delayj
              definition:  main
              definition:  __iar_cc.IRQn.kxqE0fW5Vp9
Loading object C:\Users\Pranav\Documents\IAR Embedded Workbench\IAR-STM32F051R8-SK\Arduino_STM32\Arduino_STM32\Debug\Obj\startup_stm32f0xx.o.
              reference :  __ICFEDIT_region_RAM_start__
              reference :  __ICFEDIT_region_RAM_end__
              reference :  __iar_program_start
              reference :  SystemInit
              definition:  __vector_table
              weak def  :  Reset_Handler
              weak def  :  NMI_Handler
              weak def  :  HardFault_Handler
              weak def  :  SVC_Handler
              weak def  :  PendSV_Handler
              weak def  :  SysTick_Handler
              weak def  :  WWDG_IRQHandler
              weak def  :  PVD_IRQHandler
              weak def  :  RTC_IRQHandler
              weak def  :  FLASH_IRQHandler
              weak def  :  RCC_IRQHandler
              weak def  :  EXTI0_1_IRQHandler
              weak def  :  EXTI2_3_IRQHandler
              weak def  :  EXTI4_15_IRQHandler
              weak def  :  TS_IRQHandler
              weak def  :  DMA1_Channel1_IRQHandler
              weak def  :  DMA1_Channel2_3_IRQHandler
              weak def  :  DMA1_Channel4_5_IRQHandler
              weak def  :  ADC1_COMP_IRQHandler
              weak def  :  TIM1_BRK_UP_TRG_COM_IRQHandler
              weak def  :  TIM1_CC_IRQHandler
              weak def  :  TIM2_IRQHandler
              weak def  :  TIM3_IRQHandler
              weak def  :  TIM6_DAC_IRQHandler
              weak def  :  TIM14_IRQHandler
              weak def  :  TIM15_IRQHandler
              weak def  :  TIM16_IRQHandler
              weak def  :  TIM17_IRQHandler
              weak def  :  I2C1_IRQHandler
              weak def  :  I2C2_IRQHandler
              weak def  :  SPI1_IRQHandler
              weak def  :  SPI2_IRQHandler
              weak def  :  USART1_IRQHandler
              weak def  :  USART2_IRQHandler
              weak def  :  CEC_IRQHandler
              reference :  CSTACK$$Limit
Loading object C:\Users\Pranav\Documents\IAR Embedded Workbench\IAR-STM32F051R8-SK\Arduino_STM32\Arduino_STM32\Debug\Obj\stm32f0xx_adc.o.
              reference :  RCC_APB2PeriphResetCmd
              definition:  ADC_AnalogWatchdogCmd
              definition:  ADC_AnalogWatchdogSingleChannelCmd
              definition:  ADC_AnalogWatchdogSingleChannelConfig
              definition:  ADC_AnalogWatchdogThresholdsConfig
              definition:  ADC_AutoPowerOffCmd
              definition:  ADC_ChannelConfig
              definition:  ADC_ClearFlag
              definition:  ADC_ClearITPendingBit
              definition:  ADC_ClockModeConfig
              definition:  ADC_Cmd
              definition:  ADC_ContinuousModeCmd
              definition:  ADC_DMACmd
              definition:  ADC_DMARequestModeConfig
              definition:  ADC_DeInit
              definition:  ADC_DiscModeCmd
              definition:  ADC_GetCalibrationFactor
              definition:  ADC_GetConversionValue
              definition:  ADC_GetFlagStatus
              definition:  ADC_GetITStatus
              definition:  ADC_ITConfig
              definition:  ADC_Init
              definition:  ADC_JitterCmd
              definition:  ADC_OverrunModeCmd
              definition:  ADC_StartOfConversion
              definition:  ADC_StopOfConversion
              definition:  ADC_StructInit
              definition:  ADC_TempSensorCmd
              definition:  ADC_VbatCmd
              definition:  ADC_VrefintCmd
              definition:  ADC_WaitModeCmd
Loading object C:\Users\Pranav\Documents\IAR Embedded Workbench\IAR-STM32F051R8-SK\Arduino_STM32\Arduino_STM32\Debug\Obj\stm32f0xx_can.o.
              reference :  RCC_APB1PeriphResetCmd
              definition:  CAN_CancelTransmit
              definition:  CAN_ClearFlag
              definition:  CAN_ClearITPendingBit
              definition:  CAN_DBGFreeze
              definition:  CAN_DeInit
              definition:  CAN_FIFORelease
              definition:  CAN_FilterInit
              definition:  CAN_GetFlagStatus
              definition:  CAN_GetITStatus
              definition:  CAN_GetLSBTransmitErrorCounter
              definition:  CAN_GetLastErrorCode
              definition:  CAN_GetReceiveErrorCounter
              definition:  CAN_ITConfig
              definition:  CAN_Init
              definition:  CAN_MessagePending
              definition:  CAN_OperatingModeRequest
              definition:  CAN_Receive
              definition:  CAN_SlaveStartBank
              definition:  CAN_Sleep
              definition:  CAN_StructInit
              definition:  CAN_TTComModeCmd
              definition:  CAN_Transmit
              definition:  CAN_TransmitStatus
              definition:  CAN_WakeUp
Loading object C:\Users\Pranav\Documents\IAR Embedded Workbench\IAR-STM32F051R8-SK\Arduino_STM32\Arduino_STM32\Debug\Obj\stm32f0xx_cec.o.
              reference :  RCC_APB1PeriphResetCmd
              definition:  CEC_ClearFlag
              definition:  CEC_ClearITPendingBit
              definition:  CEC_Cmd
              definition:  CEC_DeInit
              definition:  CEC_EndOfMessage
              definition:  CEC_GetFlagStatus
              definition:  CEC_GetITStatus
              definition:  CEC_ITConfig
              definition:  CEC_Init
              definition:  CEC_ListenModeCmd
              definition:  CEC_OwnAddressClear
              definition:  CEC_OwnAddressConfig
              definition:  CEC_ReceiveData
              definition:  CEC_SendData
              definition:  CEC_StartOfMessage
              definition:  CEC_StructInit
Loading object C:\Users\Pranav\Documents\IAR Embedded Workbench\IAR-STM32F051R8-SK\Arduino_STM32\Arduino_STM32\Debug\Obj\stm32f0xx_comp.o.
              definition:  COMP_Cmd
              definition:  COMP_DeInit
              definition:  COMP_GetOutputLevel
              definition:  COMP_Init
              definition:  COMP_LockConfig
              definition:  COMP_StructInit
              definition:  COMP_SwitchCmd
              definition:  COMP_WindowCmd
Loading object C:\Users\Pranav\Documents\IAR Embedded Workbench\IAR-STM32F051R8-SK\Arduino_STM32\Arduino_STM32\Debug\Obj\stm32f0xx_crc.o.
              definition:  CRC_CalcBlockCRC
              definition:  CRC_CalcCRC
              definition:  CRC_CalcCRC16bits
              definition:  CRC_CalcCRC8bits
              definition:  CRC_DeInit
              definition:  CRC_GetCRC
              definition:  CRC_GetIDRegister
              definition:  CRC_PolynomialSizeSelect
              definition:  CRC_ResetDR
              definition:  CRC_ReverseInputDataSelect
              definition:  CRC_ReverseOutputDataCmd
              definition:  CRC_SetIDRegister
              definition:  CRC_SetInitRegister
              definition:  CRC_SetPolynomial
Loading object C:\Users\Pranav\Documents\IAR Embedded Workbench\IAR-STM32F051R8-SK\Arduino_STM32\Arduino_STM32\Debug\Obj\stm32f0xx_crs.o.
              reference :  RCC_APB1PeriphResetCmd
              definition:  CRS_AdjustHSI48CalibrationValue
              definition:  CRS_AutomaticCalibrationCmd
              definition:  CRS_ClearFlag
              definition:  CRS_ClearITPendingBit
              definition:  CRS_DeInit
              definition:  CRS_FrequencyErrorCounterCmd
              definition:  CRS_FrequencyErrorCounterReload
              definition:  CRS_FrequencyErrorLimitConfig
              definition:  CRS_GetFlagStatus
              definition:  CRS_GetFrequencyErrorDirection
              definition:  CRS_GetFrequencyErrorValue
              definition:  CRS_GetHSI48CalibrationValue
              definition:  CRS_GetITStatus
              definition:  CRS_GetReloadValue
              definition:  CRS_ITConfig
              definition:  CRS_SoftwareSynchronizationGenerate
              definition:  CRS_SynchronizationPolarityConfig
              definition:  CRS_SynchronizationPrescalerConfig
              definition:  CRS_SynchronizationSourceConfig
Loading object C:\Users\Pranav\Documents\IAR Embedded Workbench\IAR-STM32F051R8-SK\Arduino_STM32\Arduino_STM32\Debug\Obj\stm32f0xx_dac.o.
              reference :  RCC_APB1PeriphResetCmd
              definition:  DAC_ClearFlag
              definition:  DAC_ClearITPendingBit
              definition:  DAC_Cmd
              definition:  DAC_DMACmd
              definition:  DAC_DeInit
              definition:  DAC_DualSoftwareTriggerCmd
              definition:  DAC_GetDataOutputValue
              definition:  DAC_GetFlagStatus
              definition:  DAC_GetITStatus
              definition:  DAC_ITConfig
              definition:  DAC_Init
              definition:  DAC_SetChannel1Data
              definition:  DAC_SetChannel2Data
              definition:  DAC_SetDualChannelData
              definition:  DAC_SoftwareTriggerCmd
              definition:  DAC_StructInit
              definition:  DAC_WaveGenerationCmd
Loading object C:\Users\Pranav\Documents\IAR Embedded Workbench\IAR-STM32F051R8-SK\Arduino_STM32\Arduino_STM32\Debug\Obj\stm32f0xx_dbgmcu.o.
              definition:  DBGMCU_APB1PeriphConfig
              definition:  DBGMCU_APB2PeriphConfig
              definition:  DBGMCU_Config
              definition:  DBGMCU_GetDEVID
              definition:  DBGMCU_GetREVID
Loading object C:\Users\Pranav\Documents\IAR Embedded Workbench\IAR-STM32F051R8-SK\Arduino_STM32\Arduino_STM32\Debug\Obj\stm32f0xx_dma.o.
              definition:  DMA_ClearFlag
              definition:  DMA_ClearITPendingBit
              definition:  DMA_Cmd
              definition:  DMA_DeInit
              definition:  DMA_GetCurrDataCounter
              definition:  DMA_GetFlagStatus
              definition:  DMA_GetITStatus
              definition:  DMA_ITConfig
              definition:  DMA_Init
              definition:  DMA_SetCurrDataCounter
              definition:  DMA_StructInit
Loading object C:\Users\Pranav\Documents\IAR Embedded Workbench\IAR-STM32F051R8-SK\Arduino_STM32\Arduino_STM32\Debug\Obj\stm32f0xx_exti.o.
              definition:  EXTI_ClearFlag
              definition:  EXTI_ClearITPendingBit
              definition:  EXTI_DeInit
              definition:  EXTI_GenerateSWInterrupt
              definition:  EXTI_GetFlagStatus
              definition:  EXTI_GetITStatus
              definition:  EXTI_Init
              definition:  EXTI_StructInit
Loading object C:\Users\Pranav\Documents\IAR Embedded Workbench\IAR-STM32F051R8-SK\Arduino_STM32\Arduino_STM32\Debug\Obj\stm32f0xx_flash.o.
              definition:  FLASH_ClearFlag
              definition:  FLASH_EraseAllPages
              definition:  FLASH_ErasePage
              definition:  FLASH_GetFlagStatus
              definition:  FLASH_GetPrefetchBufferStatus
              definition:  FLASH_GetStatus
              definition:  FLASH_ITConfig
              definition:  FLASH_Lock
              definition:  FLASH_OB_BOOT0Config
              definition:  FLASH_OB_BOOT0SWConfig
              definition:  FLASH_OB_BOOTConfig
              definition:  FLASH_OB_EnableWRP
              definition:  FLASH_OB_Erase
              definition:  FLASH_OB_GetRDP
              definition:  FLASH_OB_GetUser
              definition:  FLASH_OB_GetWRP
              definition:  FLASH_OB_Launch
              definition:  FLASH_OB_Lock
              definition:  FLASH_OB_ProgramData
              definition:  FLASH_OB_RDPConfig
              definition:  FLASH_OB_SRAMParityConfig
              definition:  FLASH_OB_Unlock
              definition:  FLASH_OB_UserConfig
              definition:  FLASH_OB_VDDAConfig
              definition:  FLASH_OB_WriteUser
              definition:  FLASH_PrefetchBufferCmd
              definition:  FLASH_ProgramHalfWord
              definition:  FLASH_ProgramWord
              definition:  FLASH_SetLatency
              definition:  FLASH_Unlock
              definition:  FLASH_WaitForLastOperation
Loading object C:\Users\Pranav\Documents\IAR Embedded Workbench\IAR-STM32F051R8-SK\Arduino_STM32\Arduino_STM32\Debug\Obj\stm32f0xx_gpio.o.
              reference :  RCC_AHBPeriphResetCmd
              definition:  GPIO_DeInit
              definition:  GPIO_Init
              definition:  GPIO_PinAFConfig
              definition:  GPIO_PinLockConfig
              definition:  GPIO_ReadInputData
              definition:  GPIO_ReadInputDataBit
              definition:  GPIO_ReadOutputData
              definition:  GPIO_ReadOutputDataBit
              definition:  GPIO_ResetBits
              definition:  GPIO_SetBits
              definition:  GPIO_StructInit
              definition:  GPIO_Write
              definition:  GPIO_WriteBit
Loading object C:\Users\Pranav\Documents\IAR Embedded Workbench\IAR-STM32F051R8-SK\Arduino_STM32\Arduino_STM32\Debug\Obj\stm32f0xx_i2c.o.
              reference :  RCC_APB1PeriphResetCmd
              definition:  I2C_10BitAddressHeaderCmd
              definition:  I2C_10BitAddressingModeCmd
              definition:  I2C_AcknowledgeConfig
              definition:  I2C_AutoEndCmd
              definition:  I2C_CalculatePEC
              definition:  I2C_ClearFlag
              definition:  I2C_ClearITPendingBit
              definition:  I2C_ClockTimeoutCmd
              definition:  I2C_Cmd
              definition:  I2C_DMACmd
              definition:  I2C_DeInit
              definition:  I2C_DualAddressCmd
              definition:  I2C_ExtendedClockTimeoutCmd
              definition:  I2C_GeneralCallCmd
              definition:  I2C_GenerateSTART
              definition:  I2C_GenerateSTOP
              definition:  I2C_GetAddressMatched
              definition:  I2C_GetFlagStatus
              definition:  I2C_GetITStatus
              definition:  I2C_GetPEC
              definition:  I2C_GetTransferDirection
              definition:  I2C_ITConfig
              definition:  I2C_IdleClockTimeoutCmd
              definition:  I2C_Init
              definition:  I2C_MasterRequestConfig
              definition:  I2C_NumberOfBytesConfig
              definition:  I2C_OwnAddress2Config
              definition:  I2C_PECRequestCmd
              definition:  I2C_ReadRegister
              definition:  I2C_ReceiveData
              definition:  I2C_ReloadCmd
              definition:  I2C_SMBusAlertCmd
              definition:  I2C_SendData
              definition:  I2C_SlaveAddressConfig
              definition:  I2C_SlaveByteControlCmd
              definition:  I2C_SoftwareResetCmd
              definition:  I2C_StopModeCmd
              definition:  I2C_StretchClockCmd
              definition:  I2C_StructInit
              definition:  I2C_TimeoutAConfig
              definition:  I2C_TimeoutBConfig
              definition:  I2C_TransferHandling
Loading object C:\Users\Pranav\Documents\IAR Embedded Workbench\IAR-STM32F051R8-SK\Arduino_STM32\Arduino_STM32\Debug\Obj\stm32f0xx_it.o.
              reference :  ADC_ClearITPendingBit
              reference :  ADC_GetConversionValue
              reference :  Serial
              reference :  SystemCoreClock
              reference :  TIM_ClearITPendingBit
              reference :  TIM_GetITStatus
              reference :  TIM_SetCounter
              reference :  USART_ClearFlag
              reference :  USART_ClearITPendingBit
              reference :  USART_GetITStatus
              reference :  USART_ITConfig
              reference :  USART_SendData
              reference :  _Z21TimingDelay_Decrementv
              reference :  __ADC_data
              reference :  __ICdone
              reference :  __ICtimerName
              reference :  __aeabi_idivmod
              reference :  __aeabi_lmul
              reference :  __aeabi_uldivmod
              reference :  __dutyPointer
              reference :  __fallingChannelNo
              reference :  __freqPointer
              reference :  __risingChannelNo
              definition:  ADC1_COMP_IRQHandler
              definition:  HardFault_Handler
              definition:  NMI_Handler
              definition:  PendSV_Handler
              definition:  SVC_Handler
              definition:  SysTick_Handler
              definition:  TIM15_IRQHandler
              definition:  TIM1_BRK_UP_TRG_COM_IRQHandler
              definition:  TIM1_CC_IRQHandler
              definition:  TIM2_IRQHandler
              definition:  TIM3_IRQHandler
              definition:  USART1_IRQHandler
              definition:  totalDutyCount
              definition:  totalFreqCount
              definition:  updateCounter
Loading object C:\Users\Pranav\Documents\IAR Embedded Workbench\IAR-STM32F051R8-SK\Arduino_STM32\Arduino_STM32\Debug\Obj\stm32f0xx_iwdg.o.
              definition:  IWDG_Enable
              definition:  IWDG_GetFlagStatus
              definition:  IWDG_ReloadCounter
              definition:  IWDG_SetPrescaler
              definition:  IWDG_SetReload
              definition:  IWDG_SetWindowValue
              definition:  IWDG_WriteAccessCmd
Loading object C:\Users\Pranav\Documents\IAR Embedded Workbench\IAR-STM32F051R8-SK\Arduino_STM32\Arduino_STM32\Debug\Obj\stm32f0xx_misc.o.
              definition:  NVIC_Init
              definition:  NVIC_SystemLPConfig
              definition:  SysTick_CLKSourceConfig
Loading object C:\Users\Pranav\Documents\IAR Embedded Workbench\IAR-STM32F051R8-SK\Arduino_STM32\Arduino_STM32\Debug\Obj\stm32f0xx_pwr.o.
              reference :  RCC_APB1PeriphResetCmd
              definition:  PWR_BackupAccessCmd
              definition:  PWR_ClearFlag
              definition:  PWR_DeInit
              definition:  PWR_EnterSTANDBYMode
              definition:  PWR_EnterSTOPMode
              definition:  PWR_EnterSleepMode
              definition:  PWR_GetFlagStatus
              definition:  PWR_PVDCmd
              definition:  PWR_PVDLevelConfig
              definition:  PWR_WakeUpPinCmd
Loading object C:\Users\Pranav\Documents\IAR Embedded Workbench\IAR-STM32F051R8-SK\Arduino_STM32\Arduino_STM32\Debug\Obj\stm32f0xx_rcc.o.
              reference :  __aeabi_uidiv
              definition:  RCC_ADCCLKConfig
              definition:  RCC_AHBPeriphClockCmd
              definition:  RCC_AHBPeriphResetCmd
              definition:  RCC_APB1PeriphClockCmd
              definition:  RCC_APB1PeriphResetCmd
              definition:  RCC_APB2PeriphClockCmd
              definition:  RCC_APB2PeriphResetCmd
              definition:  RCC_AdjustHSI14CalibrationValue
              definition:  RCC_AdjustHSICalibrationValue
              definition:  RCC_BackupResetCmd
              definition:  RCC_CECCLKConfig
              definition:  RCC_ClearFlag
              definition:  RCC_ClearITPendingBit
              definition:  RCC_ClockSecuritySystemCmd
              definition:  RCC_DeInit
              definition:  RCC_GetClocksFreq
              definition:  RCC_GetFlagStatus
              definition:  RCC_GetITStatus
              definition:  RCC_GetSYSCLKSource
              definition:  RCC_HCLKConfig
              definition:  RCC_HSEConfig
              definition:  RCC_HSI14ADCRequestCmd
              definition:  RCC_HSI14Cmd
              definition:  RCC_HSI48Cmd
              definition:  RCC_HSICmd
              definition:  RCC_I2CCLKConfig
              definition:  RCC_ITConfig
              definition:  RCC_LSEConfig
              definition:  RCC_LSEDriveConfig
              definition:  RCC_LSICmd
              definition:  RCC_MCOConfig
              definition:  RCC_PCLKConfig
              definition:  RCC_PLLCmd
              definition:  RCC_PLLConfig
              definition:  RCC_PREDIV1Config
              definition:  RCC_RTCCLKCmd
              definition:  RCC_RTCCLKConfig
              definition:  RCC_SYSCLKConfig
              definition:  RCC_USARTCLKConfig
              definition:  RCC_USBCLKConfig
              definition:  RCC_WaitForHSEStartUp
Loading object C:\Users\Pranav\Documents\IAR Embedded Workbench\IAR-STM32F051R8-SK\Arduino_STM32\Arduino_STM32\Debug\Obj\stm32f0xx_rtc.o.
              definition:  RTC_AlarmCmd
              definition:  RTC_AlarmStructInit
              definition:  RTC_AlarmSubSecondConfig
              definition:  RTC_BypassShadowCmd
              definition:  RTC_CalibOutputCmd
              definition:  RTC_CalibOutputConfig
              definition:  RTC_ClearFlag
              definition:  RTC_ClearITPendingBit
              definition:  RTC_DateStructInit
              definition:  RTC_DayLightSavingConfig
              definition:  RTC_DeInit
              definition:  RTC_EnterInitMode
              definition:  RTC_ExitInitMode
              definition:  RTC_GetAlarm
              definition:  RTC_GetAlarmSubSecond
              definition:  RTC_GetDate
              definition:  RTC_GetFlagStatus
              definition:  RTC_GetITStatus
              definition:  RTC_GetStoreOperation
              definition:  RTC_GetSubSecond
              definition:  RTC_GetTime
              definition:  RTC_GetTimeStamp
              definition:  RTC_GetTimeStampSubSecond
              definition:  RTC_GetWakeUpCounter
              definition:  RTC_ITConfig
              definition:  RTC_Init
              definition:  RTC_OutputConfig
              definition:  RTC_OutputTypeConfig
              definition:  RTC_ReadBackupRegister
              definition:  RTC_RefClockCmd
              definition:  RTC_SetAlarm
              definition:  RTC_SetDate
              definition:  RTC_SetTime
              definition:  RTC_SetWakeUpCounter
              definition:  RTC_SmoothCalibConfig
              definition:  RTC_StructInit
              definition:  RTC_SynchroShiftConfig
              definition:  RTC_TamperCmd
              definition:  RTC_TamperFilterConfig
              definition:  RTC_TamperPinsPrechargeDuration
              definition:  RTC_TamperPullUpCmd
              definition:  RTC_TamperSamplingFreqConfig
              definition:  RTC_TamperTriggerConfig
              definition:  RTC_TimeStampCmd
              definition:  RTC_TimeStampOnTamperDetectionCmd
              definition:  RTC_TimeStructInit
              definition:  RTC_WaitForSynchro
              definition:  RTC_WakeUpClockConfig
              definition:  RTC_WakeUpCmd
              definition:  RTC_WriteBackupRegister
              definition:  RTC_WriteProtectionCmd
Loading object C:\Users\Pranav\Documents\IAR Embedded Workbench\IAR-STM32F051R8-SK\Arduino_STM32\Arduino_STM32\Debug\Obj\stm32f0xx_spi.o.
              reference :  RCC_APB1PeriphResetCmd
              reference :  RCC_APB2PeriphResetCmd
              reference :  RCC_GetClocksFreq
              reference :  __aeabi_uidiv
              definition:  I2S_Cmd
              definition:  I2S_Init
              definition:  I2S_StructInit
              definition:  SPI_BiDirectionalLineConfig
              definition:  SPI_CRCLengthConfig
              definition:  SPI_CalculateCRC
              definition:  SPI_Cmd
              definition:  SPI_DataSizeConfig
              definition:  SPI_GetCRC
              definition:  SPI_GetCRCPolynomial
              definition:  SPI_GetReceptionFIFOStatus
              definition:  SPI_GetTransmissionFIFOStatus
              definition:  SPI_I2S_ClearFlag
              definition:  SPI_I2S_DMACmd
              definition:  SPI_I2S_DeInit
              definition:  SPI_I2S_GetFlagStatus
              definition:  SPI_I2S_GetITStatus
              definition:  SPI_I2S_ITConfig
              definition:  SPI_I2S_ReceiveData16
              definition:  SPI_I2S_SendData16
              definition:  SPI_Init
              definition:  SPI_LastDMATransferCmd
              definition:  SPI_NSSInternalSoftwareConfig
              definition:  SPI_NSSPulseModeCmd
              definition:  SPI_ReceiveData8
              definition:  SPI_RxFIFOThresholdConfig
              definition:  SPI_SSOutputCmd
              definition:  SPI_SendData8
              definition:  SPI_StructInit
              definition:  SPI_TIModeCmd
              definition:  SPI_TransmitCRC
Loading object C:\Users\Pranav\Documents\IAR Embedded Workbench\IAR-STM32F051R8-SK\Arduino_STM32\Arduino_STM32\Debug\Obj\stm32f0xx_syscfg.o.
              definition:  SYSCFG_BreakConfig
              definition:  SYSCFG_ClearFlag
              definition:  SYSCFG_DMAChannelRemapConfig
              definition:  SYSCFG_DeInit
              definition:  SYSCFG_EXTILineConfig
              definition:  SYSCFG_GetFlagStatus
              definition:  SYSCFG_I2CFastModePlusConfig
              definition:  SYSCFG_MemoryRemapConfig
Loading object C:\Users\Pranav\Documents\IAR Embedded Workbench\IAR-STM32F051R8-SK\Arduino_STM32\Arduino_STM32\Debug\Obj\stm32f0xx_tim.o.
              reference :  RCC_APB1PeriphResetCmd
              reference :  RCC_APB2PeriphResetCmd
              definition:  TIM_ARRPreloadConfig
              definition:  TIM_BDTRConfig
              definition:  TIM_BDTRStructInit
              definition:  TIM_CCPreloadControl
              definition:  TIM_CCxCmd
              definition:  TIM_CCxNCmd
              definition:  TIM_ClearFlag
              definition:  TIM_ClearITPendingBit
              definition:  TIM_ClearOC1Ref
              definition:  TIM_ClearOC2Ref
              definition:  TIM_ClearOC3Ref
              definition:  TIM_ClearOC4Ref
              definition:  TIM_Cmd
              definition:  TIM_CounterModeConfig
              definition:  TIM_CtrlPWMOutputs
              definition:  TIM_DMACmd
              definition:  TIM_DMAConfig
              definition:  TIM_DeInit
              definition:  TIM_ETRClockMode1Config
              definition:  TIM_ETRClockMode2Config
              definition:  TIM_ETRConfig
              definition:  TIM_EncoderInterfaceConfig
              definition:  TIM_ForcedOC1Config
              definition:  TIM_ForcedOC2Config
              definition:  TIM_ForcedOC3Config
              definition:  TIM_ForcedOC4Config
              definition:  TIM_GenerateEvent
              definition:  TIM_GetCapture1
              definition:  TIM_GetCapture2
              definition:  TIM_GetCapture3
              definition:  TIM_GetCapture4
              definition:  TIM_GetCounter
              definition:  TIM_GetFlagStatus
              definition:  TIM_GetITStatus
              definition:  TIM_GetPrescaler
              definition:  TIM_ICInit
              definition:  TIM_ICStructInit
              definition:  TIM_ITConfig
              definition:  TIM_ITRxExternalClockConfig
              definition:  TIM_InternalClockConfig
              definition:  TIM_OC1FastConfig
              definition:  TIM_OC1Init
              definition:  TIM_OC1NPolarityConfig
              definition:  TIM_OC1PolarityConfig
              definition:  TIM_OC1PreloadConfig
              definition:  TIM_OC2FastConfig
              definition:  TIM_OC2Init
              definition:  TIM_OC2NPolarityConfig
              definition:  TIM_OC2PolarityConfig
              definition:  TIM_OC2PreloadConfig
              definition:  TIM_OC3FastConfig
              definition:  TIM_OC3Init
              definition:  TIM_OC3NPolarityConfig
              definition:  TIM_OC3PolarityConfig
              definition:  TIM_OC3PreloadConfig
              definition:  TIM_OC4FastConfig
              definition:  TIM_OC4Init
              definition:  TIM_OC4PolarityConfig
              definition:  TIM_OC4PreloadConfig
              definition:  TIM_OCStructInit
              definition:  TIM_PWMIConfig
              definition:  TIM_PrescalerConfig
              definition:  TIM_RemapConfig
              definition:  TIM_SelectCCDMA
              definition:  TIM_SelectCOM
              definition:  TIM_SelectHallSensor
              definition:  TIM_SelectInputTrigger
              definition:  TIM_SelectMasterSlaveMode
              definition:  TIM_SelectOCREFClear
              definition:  TIM_SelectOCxM
              definition:  TIM_SelectOnePulseMode
              definition:  TIM_SelectOutputTrigger
              definition:  TIM_SelectSlaveMode
              definition:  TIM_SetAutoreload
              definition:  TIM_SetClockDivision
              definition:  TIM_SetCompare1
              definition:  TIM_SetCompare2
              definition:  TIM_SetCompare3
              definition:  TIM_SetCompare4
              definition:  TIM_SetCounter
              definition:  TIM_SetIC1Prescaler
              definition:  TIM_SetIC2Prescaler
              definition:  TIM_SetIC3Prescaler
              definition:  TIM_SetIC4Prescaler
              definition:  TIM_TIxExternalClockConfig
              definition:  TIM_TimeBaseInit
              definition:  TIM_TimeBaseStructInit
              definition:  TIM_UpdateDisableConfig
              definition:  TIM_UpdateRequestConfig
Loading object C:\Users\Pranav\Documents\IAR Embedded Workbench\IAR-STM32F051R8-SK\Arduino_STM32\Arduino_STM32\Debug\Obj\stm32f0xx_usart.o.
              reference :  RCC_APB1PeriphResetCmd
              reference :  RCC_APB2PeriphResetCmd
              reference :  RCC_GetClocksFreq
              reference :  __aeabi_uidiv
              reference :  __aeabi_uidivmod
              definition:  USART_AddressDetectionConfig
              definition:  USART_AutoBaudRateCmd
              definition:  USART_AutoBaudRateConfig
              definition:  USART_ClearFlag
              definition:  USART_ClearITPendingBit
              definition:  USART_ClockInit
              definition:  USART_ClockStructInit
              definition:  USART_Cmd
              definition:  USART_DECmd
              definition:  USART_DEPolarityConfig
              definition:  USART_DMACmd
              definition:  USART_DMAReceptionErrorConfig
              definition:  USART_DataInvCmd
              definition:  USART_DeInit
              definition:  USART_DirectionModeCmd
              definition:  USART_GetFlagStatus
              definition:  USART_GetITStatus
              definition:  USART_HalfDuplexCmd
              definition:  USART_ITConfig
              definition:  USART_Init
              definition:  USART_InvPinCmd
              definition:  USART_IrDACmd
              definition:  USART_IrDAConfig
              definition:  USART_LINBreakDetectLengthConfig
              definition:  USART_LINCmd
              definition:  USART_MSBFirstCmd
              definition:  USART_MuteModeCmd
              definition:  USART_MuteModeWakeUpConfig
              definition:  USART_OneBitMethodCmd
              definition:  USART_OverSampling8Cmd
              definition:  USART_OverrunDetectionConfig
              definition:  USART_ReceiveData
              definition:  USART_ReceiverTimeOutCmd
              definition:  USART_RequestCmd
              definition:  USART_STOPModeCmd
              definition:  USART_SWAPPinCmd
              definition:  USART_SendData
              definition:  USART_SetAddress
              definition:  USART_SetAutoRetryCount
              definition:  USART_SetBlockLength
              definition:  USART_SetDEAssertionTime
              definition:  USART_SetDEDeassertionTime
              definition:  USART_SetGuardTime
              definition:  USART_SetPrescaler
              definition:  USART_SetReceiverTimeOut
              definition:  USART_SmartCardCmd
              definition:  USART_SmartCardNACKCmd
              definition:  USART_StopModeWakeUpSourceConfig
              definition:  USART_StructInit
Loading object C:\Users\Pranav\Documents\IAR Embedded Workbench\IAR-STM32F051R8-SK\Arduino_STM32\Arduino_STM32\Debug\Obj\stm32f0xx_wwdg.o.
              reference :  RCC_APB1PeriphResetCmd
              definition:  WWDG_ClearFlag
              definition:  WWDG_DeInit
              definition:  WWDG_Enable
              definition:  WWDG_EnableIT
              definition:  WWDG_GetFlagStatus
              definition:  WWDG_SetCounter
              definition:  WWDG_SetPrescaler
              definition:  WWDG_SetWindowValue
Loading object C:\Users\Pranav\Documents\IAR Embedded Workbench\IAR-STM32F051R8-SK\Arduino_STM32\Arduino_STM32\Debug\Obj\system_stm32f0xx.o.
              reference :  __aeabi_uidiv
              definition:  AHBPrescTable
              definition:  SystemCoreClock
              definition:  SystemCoreClockUpdate
              definition:  SystemInit

Auto library: shb_l.a -> C:\Program Files (x86)\IAR Systems\Embedded Workbench 7.0\arm\lib\shb_l.a
Auto library: rt6M_tl.a -> C:\Program Files (x86)\IAR Systems\Embedded Workbench 7.0\arm\lib\rt6M_tl.a
Auto library: dlpp6M_tl_fe.a -> C:\Program Files (x86)\IAR Systems\Embedded Workbench 7.0\arm\lib\dlpp6M_tl_fe.a
Auto library: m6M_tl.a -> C:\Program Files (x86)\IAR Systems\Embedded Workbench 7.0\arm\lib\m6M_tl.a
Auto library: dl6M_tlf.a -> C:\Program Files (x86)\IAR Systems\Embedded Workbench 7.0\arm\lib\dl6M_tlf.a

Library configuration:

  extra init __iar_cstart_call_ctors
  no_inline  __DebugBreak
  no_inline  __iar_return_from_swi
  no_inline  __iar_semihosting
  no_inline  __iar_sh_stdout_swo
Selecting member cstartup_M.o(rt6M_tl.a) to define __iar_program_start.
              reference :  __cmain
              reference :  __vector_table
              weak ref  :  __iar_init_core
              weak ref  :  __iar_init_vfp
              definition:  __iar_program_start
Selecting member newop_0.o(dlpp6M_tl_fe.a) to define _Znwj.
              reference :  _Z9_Nomemoryv
              reference :  __iar_New_hand
              reference :  malloc
              definition:  _Znwj
Selecting member ABImemcpy.o(rt6M_tl.a) to define __aeabi_memcpy4.
              definition:  __aeabi_memcpy
              weak def  :  __aeabi_memcpy4
              weak def  :  __aeabi_memcpy8
Selecting member I32DivModFast.o(rt6M_tl.a) to define __aeabi_uidiv.
              reference :  __aeabi_idiv0
              definition:  __aeabi_idiv
              definition:  __aeabi_uidiv
              definition:  __aeabi_idivmod
              definition:  __aeabi_uidivmod
Selecting member ABImemset.o(rt6M_tl.a) to define __aeabi_memclr4.
              definition:  __iar_Memset_word
              definition:  __iar_Memset4_word
              definition:  __aeabi_memset
              definition:  __aeabi_memset4
              definition:  __aeabi_memset8
              definition:  __aeabi_memclr
              definition:  __aeabi_memclr4
              definition:  __aeabi_memclr8
Selecting member strlen.o(rt6M_tl.a) to define strlen.
              definition:  strlen
Selecting member I64Mul.o(rt6M_tl.a) to define __aeabi_lmul.
              definition:  __aeabi_lmul
Selecting member I64DivMod.o(rt6M_tl.a) to define __aeabi_uldivmod.
              reference :  __aeabi_ldiv0
              definition:  __aeabi_ldivmod
              definition:  __aeabi_uldivmod
Selecting member cmain.o(rt6M_tl.a) to define __cmain.
              weak ref  :  __iar_data_init3
              weak ref  :  __iar_argc_argv
              reference :  __low_level_init
              reference :  main
              reference :  exit
              definition:  __cmain
              definition:  ?main
              definition:  _main
              definition:  _call_main
Selecting member nomemory.o(dlpp6M_tl_fe.a) to define _Z9_Nomemoryv.
              reference :  _ZdlPv
              reference :  abort
              definition:  _Z9_Nomemoryv
              definition:  _ZN9bad_allocD0Ev
              definition:  _ZN9bad_allocD1Ev
              definition:  _ZN9exceptionD0Ev
              definition:  _ZN9exceptionD1Ev
              definition:  _ZNK9bad_alloc8_DoraiseEv
              definition:  _ZNK9exception4whatEv
              definition:  _ZNK9exception8_DoraiseEv
              definition:  _ZTI9bad_alloc
              definition:  _ZTI9exception
              definition:  _ZTV9bad_alloc
              definition:  _ZTV9exception
Selecting member new.o(dlpp6M_tl_fe.a) to define __iar_New_hand.
              weak ref  :  __iar_Locksyslock_Malloc
              weak ref  :  __iar_Unlocksyslock_Malloc
              definition:  _Z15set_new_handlerPFvvE
              definition:  __iar_New_hand
Selecting member xxmemxmalloc.o(dl6M_tlf.a) to define malloc.
              reference :  __data_GetMemChunk
              weak ref  :  __iar_Locksyslock_Malloc
              weak ref  :  __iar_Unlocksyslock_Malloc
              reference :  free
              definition:  __data_Aldata
              definition:  __data_malloc
              definition:  malloc
Selecting member IntDivZer.o(rt6M_tl.a) to define __aeabi_idiv0.
              definition:  __aeabi_idiv0
Selecting member I64DivZer.o(rt6M_tl.a) to define __aeabi_ldiv0.
              definition:  __aeabi_ldiv0
Selecting member low_level_init.o(dl6M_tlf.a) to define __low_level_init.
              definition:  __low_level_init
Selecting member exit.o(dl6M_tlf.a) to define exit.
              reference :  _exit
              definition:  exit
Selecting member delop_0.o(dlpp6M_tl_fe.a) to define _ZdlPv.
              reference :  free
              definition:  _ZdlPv
Selecting member abort.o(dl6M_tlf.a) to define abort.
              reference :  __exit
              definition:  abort
Selecting member xgetmemchunk.o(dl6M_tlf.a) to define __data_GetMemChunk.
              definition:  __data_GetMemChunk
              reference :  HEAP$$Base
              reference :  HEAP$$Limit
Selecting member xxmemxfree.o(dl6M_tlf.a) to define free.
              reference :  __data_Aldata
              weak ref  :  __iar_Locksyslock_Malloc
              weak ref  :  __iar_Unlocksyslock_Malloc
              definition:  __data_free
              definition:  free
Selecting member cexit.o(rt6M_tl.a) to define _exit.
              weak ref  :  __call_dtors
              weak ref  :  _Close_all
              weak ref  :  __iar_clearlocks
              reference :  __exit
              definition:  _exit
              definition:  __cexit_call_dtors
              definition:  __cexit_closeall
              definition:  __cexit_clearlocks
Selecting member exit.o(shb_l.a) to define __exit.
              weak ref  :  __iar_close_ttio
              definition:  __exit
Selecting member cmain_call_ctors.o(rt6M_tl.a) to define __iar_cstart_call_ctors.
              reference :  __call_ctors
              definition:  __iar_cstart_call_ctors
              reference :  SHT$$INIT_ARRAY$$Limit
              reference :  SHT$$PREINIT_ARRAY$$Base
Selecting member cppinit.o(dl6M_tlf.a) to define __call_ctors.
              reference :  __cstart_call_dtors
              weak ref  :  __iar_Locksyslock_StaticGuard
              weak ref  :  __iar_Unlocksyslock_StaticGuard
              definition:  __call_ctors
              definition:  __call_dtors
              definition:  __cxa_atexit
              definition:  __cxa_finalize
              definition:  __dso_handle
              reference :  .iar.dynexit$$Base
              reference :  .iar.dynexit$$Limit
Selecting member cstart_call_dtors.o(rt6M_tl.a) to define __cstart_call_dtors.
              reference :  __cexit_call_dtors
              reference :  __call_dtors
              definition:  __cstart_call_dtors
Selecting member data_init.o(rt6M_tl.a) to define __iar_data_init3 (optional).
              definition:  __iar_data_init3
              reference :  Region$$Table$$Base
              reference :  Region$$Table$$Limit
Selecting member zero_init3.o(rt6M_tl.a) to define __iar_zero_init3 (optional).
              definition:  __iar_zero_init3
Selecting member copy_init3.o(rt6M_tl.a) to define __iar_copy_init3 (optional).
              definition:  __iar_copy_init3
Selecting member rle_init.o(rt6M_tl.a) to define __iar_rle_init3 (optional).
              reference :  abort
              definition:  __iar_rle_init3
Selecting member packbits_init.o(rt6M_tl.a) to define __iar_packbits_init3 (optional).
              reference :  abort
              definition:  __iar_packbits_init3
Selecting member lzw_init.o(rt6M_tl.a) to define __iar_lzw_init3 (optional).
              reference :  abort
              definition:  __iar_lzw_init3
Selecting member bwt_init.o(rt6M_tl.a) to define __iar_bwt_init3 (optional).
              reference :  __aeabi_memclr4
              reference :  abort
              definition:  __iar_bwt_init3
Selecting member lz77_init.o(rt6M_tl.a) to define __iar_lz77_init3 (optional).
              reference :  abort
              definition:  __iar_lz77_init3
Resolving duplicate symbol definitions
  Picking HardFault_Handler [s8 C:\Users\Pranav\Documents\IAR Embedded Workbench\IAR-STM32F051R8-SK\Arduino_STM32\Arduino_STM32\Debug\Obj\stm32f0xx_it.o]
    Suppressing HardFault_Handler [s10 C:\Users\Pranav\Documents\IAR Embedded Workbench\IAR-STM32F051R8-SK\Arduino_STM32\Arduino_STM32\Debug\Obj\startup_stm32f0xx.o]
  Picking NMI_Handler [s8 C:\Users\Pranav\Documents\IAR Embedded Workbench\IAR-STM32F051R8-SK\Arduino_STM32\Arduino_STM32\Debug\Obj\stm32f0xx_it.o]
    Suppressing NMI_Handler [s9 C:\Users\Pranav\Documents\IAR Embedded Workbench\IAR-STM32F051R8-SK\Arduino_STM32\Arduino_STM32\Debug\Obj\startup_stm32f0xx.o]
  Picking SVC_Handler [s8 C:\Users\Pranav\Documents\IAR Embedded Workbench\IAR-STM32F051R8-SK\Arduino_STM32\Arduino_STM32\Debug\Obj\stm32f0xx_it.o]
    Suppressing SVC_Handler [s11 C:\Users\Pranav\Documents\IAR Embedded Workbench\IAR-STM32F051R8-SK\Arduino_STM32\Arduino_STM32\Debug\Obj\startup_stm32f0xx.o]
  Picking TIM15_IRQHandler [s8 C:\Users\Pranav\Documents\IAR Embedded Workbench\IAR-STM32F051R8-SK\Arduino_STM32\Arduino_STM32\Debug\Obj\stm32f0xx_it.o]
    Suppressing TIM15_IRQHandler [s33 C:\Users\Pranav\Documents\IAR Embedded Workbench\IAR-STM32F051R8-SK\Arduino_STM32\Arduino_STM32\Debug\Obj\startup_stm32f0xx.o]
  Picking PendSV_Handler [s8 C:\Users\Pranav\Documents\IAR Embedded Workbench\IAR-STM32F051R8-SK\Arduino_STM32\Arduino_STM32\Debug\Obj\stm32f0xx_it.o]
    Suppressing PendSV_Handler [s12 C:\Users\Pranav\Documents\IAR Embedded Workbench\IAR-STM32F051R8-SK\Arduino_STM32\Arduino_STM32\Debug\Obj\startup_stm32f0xx.o]
  Picking TIM1_BRK_UP_TRG_COM_IRQHandler [s8 C:\Users\Pranav\Documents\IAR Embedded Workbench\IAR-STM32F051R8-SK\Arduino_STM32\Arduino_STM32\Debug\Obj\stm32f0xx_it.o]
    Suppressing TIM1_BRK_UP_TRG_COM_IRQHandler [s27 C:\Users\Pranav\Documents\IAR Embedded Workbench\IAR-STM32F051R8-SK\Arduino_STM32\Arduino_STM32\Debug\Obj\startup_stm32f0xx.o]
  Picking ADC1_COMP_IRQHandler [s8 C:\Users\Pranav\Documents\IAR Embedded Workbench\IAR-STM32F051R8-SK\Arduino_STM32\Arduino_STM32\Debug\Obj\stm32f0xx_it.o]
    Suppressing ADC1_COMP_IRQHandler [s26 C:\Users\Pranav\Documents\IAR Embedded Workbench\IAR-STM32F051R8-SK\Arduino_STM32\Arduino_STM32\Debug\Obj\startup_stm32f0xx.o]
  Picking TIM2_IRQHandler [s8 C:\Users\Pranav\Documents\IAR Embedded Workbench\IAR-STM32F051R8-SK\Arduino_STM32\Arduino_STM32\Debug\Obj\stm32f0xx_it.o]
    Suppressing TIM2_IRQHandler [s29 C:\Users\Pranav\Documents\IAR Embedded Workbench\IAR-STM32F051R8-SK\Arduino_STM32\Arduino_STM32\Debug\Obj\startup_stm32f0xx.o]
  Picking SysTick_Handler [s8 C:\Users\Pranav\Documents\IAR Embedded Workbench\IAR-STM32F051R8-SK\Arduino_STM32\Arduino_STM32\Debug\Obj\stm32f0xx_it.o]
    Suppressing SysTick_Handler [s13 C:\Users\Pranav\Documents\IAR Embedded Workbench\IAR-STM32F051R8-SK\Arduino_STM32\Arduino_STM32\Debug\Obj\startup_stm32f0xx.o]
  Picking TIM1_CC_IRQHandler [s8 C:\Users\Pranav\Documents\IAR Embedded Workbench\IAR-STM32F051R8-SK\Arduino_STM32\Arduino_STM32\Debug\Obj\stm32f0xx_it.o]
    Suppressing TIM1_CC_IRQHandler [s28 C:\Users\Pranav\Documents\IAR Embedded Workbench\IAR-STM32F051R8-SK\Arduino_STM32\Arduino_STM32\Debug\Obj\startup_stm32f0xx.o]
  Picking TIM3_IRQHandler [s8 C:\Users\Pranav\Documents\IAR Embedded Workbench\IAR-STM32F051R8-SK\Arduino_STM32\Arduino_STM32\Debug\Obj\stm32f0xx_it.o]
    Suppressing TIM3_IRQHandler [s30 C:\Users\Pranav\Documents\IAR Embedded Workbench\IAR-STM32F051R8-SK\Arduino_STM32\Arduino_STM32\Debug\Obj\startup_stm32f0xx.o]
  Picking USART1_IRQHandler [s8 C:\Users\Pranav\Documents\IAR Embedded Workbench\IAR-STM32F051R8-SK\Arduino_STM32\Arduino_STM32\Debug\Obj\stm32f0xx_it.o]
    Suppressing USART1_IRQHandler [s40 C:\Users\Pranav\Documents\IAR Embedded Workbench\IAR-STM32F051R8-SK\Arduino_STM32\Arduino_STM32\Debug\Obj\startup_stm32f0xx.o]
  Picking __iar_cc.IRQn.kxqE0fW5Vp9 [s56 C:\Users\Pranav\Documents\IAR Embedded Workbench\IAR-STM32F051R8-SK\Arduino_STM32\Arduino_STM32\Debug\Obj\main.o]
    Suppressing __iar_cc.IRQn.kxqE0fW5Vp9 [s67 C:\Users\Pranav\Documents\IAR Embedded Workbench\IAR-STM32F051R8-SK\Arduino_STM32\Arduino_STM32\Debug\Obj\ardADC.o]
    Suppressing __iar_cc.IRQn.kxqE0fW5Vp9 [s69 C:\Users\Pranav\Documents\IAR Embedded Workbench\IAR-STM32F051R8-SK\Arduino_STM32\Arduino_STM32\Debug\Obj\ardTIM.o]
    Suppressing __iar_cc.IRQn.kxqE0fW5Vp9 [s16 C:\Users\Pranav\Documents\IAR Embedded Workbench\IAR-STM32F051R8-SK\Arduino_STM32\Arduino_STM32\Debug\Obj\ardUSART.o]

Creating copy init batch C1 for P1 -> P2, auto
  First match: .data (stm32f0xx_rcc.o #8)
Selecting packing algorithm for 'auto' batches
  Estimating size for copy init batch C1 (P1 -> P2):
      copy: 20 bytes
      packbits: 19 bytes
      lz77: 20 bytes
    Selecting packbits
  Using copy instead of packbits everywhere reduces total estimated
    size from 235 to 68
